<?xml version="1.0" encoding="UTF-8" standalone="no"?>
<testsuite failures="1" name="cucumber.runtime.formatter.JUnitFormatter" skipped="0" tests="1" time="87.691805">
    <testcase classname="Automated End2End Tests" name="Customer place an order by purchasing an item from search" time="87.691805">
        <failure message="java.lang.IndexOutOfBoundsException: Index 0 out of bounds for length 0&#13;&#10;&#9;at java.base/jdk.internal.util.Preconditions.outOfBounds(Preconditions.java:64)&#13;&#10;&#9;at java.base/jdk.internal.util.Preconditions.outOfBoundsCheckIndex(Preconditions.java:70)&#13;&#10;&#9;at java.base/jdk.internal.util.Preconditions.checkIndex(Preconditions.java:248)&#13;&#10;&#9;at java.base/java.util.Objects.checkIndex(Objects.java:373)&#13;&#10;&#9;at java.base/java.util.ArrayList.get(ArrayList.java:425)&#13;&#10;&#9;at java.base/jdk.internal.reflect.NativeMethodAccessorImpl.invoke0(Native Method)&#13;&#10;&#9;at java.base/jdk.internal.reflect.NativeMethodAccessorImpl.invoke(NativeMethodAccessorImpl.java:62)&#13;&#10;&#9;at java.base/jdk.internal.reflect.DelegatingMethodAccessorImpl.invoke(DelegatingMethodAccessorImpl.java:43)&#13;&#10;&#9;at java.base/java.lang.reflect.Method.invoke(Method.java:567)&#13;&#10;&#9;at org.openqa.selenium.support.pagefactory.internal.LocatingElementListHandler.invoke(LocatingElementListHandler.java:39)&#13;&#10;&#9;at com.sun.proxy.$Proxy22.get(Unknown Source)&#13;&#10;&#9;at PageObjects.ProductListingPage.getProductName(ProductListingPage.java:37)&#13;&#10;&#9;at StepDefinition.ProductPageSteps.choose_to_buy_the_first_item(ProductPageSteps.java:20)&#13;&#10;&#9;at ✽.And choose to buy the first item(C:/Users/Bharath kumar/NewWorkspace/CucumberFramework/src/test/resources/Feature/E2E_Test.feature:7)&#13;&#10;">
            <![CDATA[Given user is on Home Page..................................................passed
When he search for "dress"..................................................passed
And choose to buy the first item............................................failed
And moves to checkout from mini cart........................................skipped
And enter "Lakshay" personal details on checkout page.......................skipped
And select same delivery address............................................skipped
And select payment method as "check" payment................................skipped
And place the order.........................................................skipped
Then verify the order details...............................................skipped

StackTrace:
java.lang.IndexOutOfBoundsException: Index 0 out of bounds for length 0
	at java.base/jdk.internal.util.Preconditions.outOfBounds(Preconditions.java:64)
	at java.base/jdk.internal.util.Preconditions.outOfBoundsCheckIndex(Preconditions.java:70)
	at java.base/jdk.internal.util.Preconditions.checkIndex(Preconditions.java:248)
	at java.base/java.util.Objects.checkIndex(Objects.java:373)
	at java.base/java.util.ArrayList.get(ArrayList.java:425)
	at java.base/jdk.internal.reflect.NativeMethodAccessorImpl.invoke0(Native Method)
	at java.base/jdk.internal.reflect.NativeMethodAccessorImpl.invoke(NativeMethodAccessorImpl.java:62)
	at java.base/jdk.internal.reflect.DelegatingMethodAccessorImpl.invoke(DelegatingMethodAccessorImpl.java:43)
	at java.base/java.lang.reflect.Method.invoke(Method.java:567)
	at org.openqa.selenium.support.pagefactory.internal.LocatingElementListHandler.invoke(LocatingElementListHandler.java:39)
	at com.sun.proxy.$Proxy22.get(Unknown Source)
	at PageObjects.ProductListingPage.getProductName(ProductListingPage.java:37)
	at StepDefinition.ProductPageSteps.choose_to_buy_the_first_item(ProductPageSteps.java:20)
	at ✽.And choose to buy the first item(C:/Users/Bharath kumar/NewWorkspace/CucumberFramework/src/test/resources/Feature/E2E_Test.feature:7)
]]>
        </failure>
    </testcase>
</testsuite>
